2022-03-28 12:33:49,593 [myid:] - INFO  [main:QuorumPeerConfig@174] - Reading configuration from: apache-zookeeper-3.6.3-bin/conf/zoo.cfg
2022-03-28 12:33:49,598 [myid:] - WARN  [main:VerifyingFileFactory@65] - apache-zookeeper-3.6.3-bin/conf/zoo.cfg is relative. Prepend ./ to indicate that you're sure!
2022-03-28 12:33:49,637 [myid:] - INFO  [main:QuorumPeerConfig@460] - clientPortAddress is 0.0.0.0:2181
2022-03-28 12:33:49,638 [myid:] - INFO  [main:QuorumPeerConfig@464] - secureClientPort is not set
2022-03-28 12:33:49,638 [myid:] - INFO  [main:QuorumPeerConfig@480] - observerMasterPort is not set
2022-03-28 12:33:49,638 [myid:] - INFO  [main:QuorumPeerConfig@497] - metricsProvider.className is org.apache.zookeeper.metrics.impl.DefaultMetricsProvider
2022-03-28 12:33:49,642 [myid:] - INFO  [main:DatadirCleanupManager@78] - autopurge.snapRetainCount set to 3
2022-03-28 12:33:49,642 [myid:] - INFO  [main:DatadirCleanupManager@79] - autopurge.purgeInterval set to 0
2022-03-28 12:33:49,642 [myid:] - INFO  [main:DatadirCleanupManager@101] - Purge task is not scheduled.
2022-03-28 12:33:49,642 [myid:] - WARN  [main:QuorumPeerMain@138] - Either no config or no quorum defined in config, running in standalone mode
2022-03-28 12:33:49,650 [myid:] - INFO  [main:ManagedUtil@44] - Log4j 1.2 jmx support found and enabled.
2022-03-28 12:33:49,661 [myid:] - INFO  [main:QuorumPeerConfig@174] - Reading configuration from: apache-zookeeper-3.6.3-bin/conf/zoo.cfg
2022-03-28 12:33:49,662 [myid:] - WARN  [main:VerifyingFileFactory@65] - apache-zookeeper-3.6.3-bin/conf/zoo.cfg is relative. Prepend ./ to indicate that you're sure!
2022-03-28 12:33:49,662 [myid:] - INFO  [main:QuorumPeerConfig@460] - clientPortAddress is 0.0.0.0:2181
2022-03-28 12:33:49,662 [myid:] - INFO  [main:QuorumPeerConfig@464] - secureClientPort is not set
2022-03-28 12:33:49,662 [myid:] - INFO  [main:QuorumPeerConfig@480] - observerMasterPort is not set
2022-03-28 12:33:49,664 [myid:] - INFO  [main:QuorumPeerConfig@497] - metricsProvider.className is org.apache.zookeeper.metrics.impl.DefaultMetricsProvider
2022-03-28 12:33:49,664 [myid:] - INFO  [main:ZooKeeperServerMain@122] - Starting server
2022-03-28 12:33:49,688 [myid:] - INFO  [main:ServerMetrics@62] - ServerMetrics initialized with provider org.apache.zookeeper.metrics.impl.DefaultMetricsProvider@50caa560
2022-03-28 12:33:49,698 [myid:] - INFO  [main:FileTxnSnapLog@124] - zookeeper.snapshot.trust.empty : false
2022-03-28 12:33:49,726 [myid:] - INFO  [main:ZookeeperBanner@42] - 
2022-03-28 12:33:49,726 [myid:] - INFO  [main:ZookeeperBanner@42] -   ______                  _                                          
2022-03-28 12:33:49,727 [myid:] - INFO  [main:ZookeeperBanner@42] -  |___  /                 | |                                         
2022-03-28 12:33:49,728 [myid:] - INFO  [main:ZookeeperBanner@42] -     / /    ___     ___   | | __   ___    ___   _ __     ___   _ __   
2022-03-28 12:33:49,728 [myid:] - INFO  [main:ZookeeperBanner@42] -    / /    / _ \   / _ \  | |/ /  / _ \  / _ \ | '_ \   / _ \ | '__|
2022-03-28 12:33:49,728 [myid:] - INFO  [main:ZookeeperBanner@42] -   / /__  | (_) | | (_) | |   <  |  __/ |  __/ | |_) | |  __/ | |    
2022-03-28 12:33:49,728 [myid:] - INFO  [main:ZookeeperBanner@42] -  /_____|  \___/   \___/  |_|\_\  \___|  \___| | .__/   \___| |_|
2022-03-28 12:33:49,728 [myid:] - INFO  [main:ZookeeperBanner@42] -                                               | |                     
2022-03-28 12:33:49,728 [myid:] - INFO  [main:ZookeeperBanner@42] -                                               |_|                     
2022-03-28 12:33:49,728 [myid:] - INFO  [main:ZookeeperBanner@42] - 
2022-03-28 12:33:49,739 [myid:] - INFO  [main:Environment@98] - Server environment:zookeeper.version=3.6.3--6401e4ad2087061bc6b9f80dec2d69f2e3c8660a, built on 04/08/2021 16:35 GMT
2022-03-28 12:33:49,739 [myid:] - INFO  [main:Environment@98] - Server environment:host.name=andersons-mbp
2022-03-28 12:33:49,739 [myid:] - INFO  [main:Environment@98] - Server environment:java.version=11.0.14
2022-03-28 12:33:49,739 [myid:] - INFO  [main:Environment@98] - Server environment:java.vendor=Azul Systems, Inc.
2022-03-28 12:33:49,739 [myid:] - INFO  [main:Environment@98] - Server environment:java.home=/Library/Java/JavaVirtualMachines/zulu-11.jdk/Contents/Home
2022-03-28 12:33:49,739 [myid:] - INFO  [main:Environment@98] - Server environment:java.class.path=/Users/andersonzeng/Desktop/Classes/ECE419/ECE419Project/apache-zookeeper-3.6.3-bin/bin/../zookeeper-server/target/classes:/Users/andersonzeng/Desktop/Classes/ECE419/ECE419Project/apache-zookeeper-3.6.3-bin/bin/../build/classes:/Users/andersonzeng/Desktop/Classes/ECE419/ECE419Project/apache-zookeeper-3.6.3-bin/bin/../zookeeper-server/target/lib/*.jar:/Users/andersonzeng/Desktop/Classes/ECE419/ECE419Project/apache-zookeeper-3.6.3-bin/bin/../build/lib/*.jar:/Users/andersonzeng/Desktop/Classes/ECE419/ECE419Project/apache-zookeeper-3.6.3-bin/bin/../lib/zookeeper-prometheus-metrics-3.6.3.jar:/Users/andersonzeng/Desktop/Classes/ECE419/ECE419Project/apache-zookeeper-3.6.3-bin/bin/../lib/zookeeper-jute-3.6.3.jar:/Users/andersonzeng/Desktop/Classes/ECE419/ECE419Project/apache-zookeeper-3.6.3-bin/bin/../lib/zookeeper-3.6.3.jar:/Users/andersonzeng/Desktop/Classes/ECE419/ECE419Project/apache-zookeeper-3.6.3-bin/bin/../lib/snappy-java-1.1.7.jar:/Users/andersonzeng/Desktop/Classes/ECE419/ECE419Project/apache-zookeeper-3.6.3-bin/bin/../lib/slf4j-log4j12-1.7.25.jar:/Users/andersonzeng/Desktop/Classes/ECE419/ECE419Project/apache-zookeeper-3.6.3-bin/bin/../lib/slf4j-api-1.7.25.jar:/Users/andersonzeng/Desktop/Classes/ECE419/ECE419Project/apache-zookeeper-3.6.3-bin/bin/../lib/simpleclient_servlet-0.6.0.jar:/Users/andersonzeng/Desktop/Classes/ECE419/ECE419Project/apache-zookeeper-3.6.3-bin/bin/../lib/simpleclient_hotspot-0.6.0.jar:/Users/andersonzeng/Desktop/Classes/ECE419/ECE419Project/apache-zookeeper-3.6.3-bin/bin/../lib/simpleclient_common-0.6.0.jar:/Users/andersonzeng/Desktop/Classes/ECE419/ECE419Project/apache-zookeeper-3.6.3-bin/bin/../lib/simpleclient-0.6.0.jar:/Users/andersonzeng/Desktop/Classes/ECE419/ECE419Project/apache-zookeeper-3.6.3-bin/bin/../lib/netty-transport-native-unix-common-4.1.63.Final.jar:/Users/andersonzeng/Desktop/Classes/ECE419/ECE419Project/apache-zookeeper-3.6.3-bin/bin/../lib/netty-transport-native-epoll-4.1.63.Final.jar:/Users/andersonzeng/Desktop/Classes/ECE419/ECE419Project/apache-zookeeper-3.6.3-bin/bin/../lib/netty-transport-4.1.63.Final.jar:/Users/andersonzeng/Desktop/Classes/ECE419/ECE419Project/apache-zookeeper-3.6.3-bin/bin/../lib/netty-resolver-4.1.63.Final.jar:/Users/andersonzeng/Desktop/Classes/ECE419/ECE419Project/apache-zookeeper-3.6.3-bin/bin/../lib/netty-handler-4.1.63.Final.jar:/Users/andersonzeng/Desktop/Classes/ECE419/ECE419Project/apache-zookeeper-3.6.3-bin/bin/../lib/netty-common-4.1.63.Final.jar:/Users/andersonzeng/Desktop/Classes/ECE419/ECE419Project/apache-zookeeper-3.6.3-bin/bin/../lib/netty-codec-4.1.63.Final.jar:/Users/andersonzeng/Desktop/Classes/ECE419/ECE419Project/apache-zookeeper-3.6.3-bin/bin/../lib/netty-buffer-4.1.63.Final.jar:/Users/andersonzeng/Desktop/Classes/ECE419/ECE419Project/apache-zookeeper-3.6.3-bin/bin/../lib/metrics-core-3.2.5.jar:/Users/andersonzeng/Desktop/Classes/ECE419/ECE419Project/apache-zookeeper-3.6.3-bin/bin/../lib/log4j-1.2.17.jar:/Users/andersonzeng/Desktop/Classes/ECE419/ECE419Project/apache-zookeeper-3.6.3-bin/bin/../lib/json-simple-1.1.1.jar:/Users/andersonzeng/Desktop/Classes/ECE419/ECE419Project/apache-zookeeper-3.6.3-bin/bin/../lib/jline-2.14.6.jar:/Users/andersonzeng/Desktop/Classes/ECE419/ECE419Project/apache-zookeeper-3.6.3-bin/bin/../lib/jetty-util-ajax-9.4.39.v20210325.jar:/Users/andersonzeng/Desktop/Classes/ECE419/ECE419Project/apache-zookeeper-3.6.3-bin/bin/../lib/jetty-util-9.4.39.v20210325.jar:/Users/andersonzeng/Desktop/Classes/ECE419/ECE419Project/apache-zookeeper-3.6.3-bin/bin/../lib/jetty-servlet-9.4.39.v20210325.jar:/Users/andersonzeng/Desktop/Classes/ECE419/ECE419Project/apache-zookeeper-3.6.3-bin/bin/../lib/jetty-server-9.4.39.v20210325.jar:/Users/andersonzeng/Desktop/Classes/ECE419/ECE419Project/apache-zookeeper-3.6.3-bin/bin/../lib/jetty-security-9.4.39.v20210325.jar:/Users/andersonzeng/Desktop/Classes/ECE419/ECE419Project/apache-zookeeper-3.6.3-bin/bin/../lib/jetty-io-9.4.39.v20210325.jar:/Users/andersonzeng/Desktop/Classes/ECE419/ECE419Project/apache-zookeeper-3.6.3-bin/bin/../lib/jetty-http-9.4.39.v20210325.jar:/Users/andersonzeng/Desktop/Classes/ECE419/ECE419Project/apache-zookeeper-3.6.3-bin/bin/../lib/javax.servlet-api-3.1.0.jar:/Users/andersonzeng/Desktop/Classes/ECE419/ECE419Project/apache-zookeeper-3.6.3-bin/bin/../lib/jackson-databind-2.10.5.1.jar:/Users/andersonzeng/Desktop/Classes/ECE419/ECE419Project/apache-zookeeper-3.6.3-bin/bin/../lib/jackson-core-2.10.5.jar:/Users/andersonzeng/Desktop/Classes/ECE419/ECE419Project/apache-zookeeper-3.6.3-bin/bin/../lib/jackson-annotations-2.10.5.jar:/Users/andersonzeng/Desktop/Classes/ECE419/ECE419Project/apache-zookeeper-3.6.3-bin/bin/../lib/commons-cli-1.2.jar:/Users/andersonzeng/Desktop/Classes/ECE419/ECE419Project/apache-zookeeper-3.6.3-bin/bin/../lib/audience-annotations-0.5.0.jar:/Users/andersonzeng/Desktop/Classes/ECE419/ECE419Project/apache-zookeeper-3.6.3-bin/bin/../zookeeper-*.jar:/Users/andersonzeng/Desktop/Classes/ECE419/ECE419Project/apache-zookeeper-3.6.3-bin/bin/../zookeeper-server/src/main/resources/lib/*.jar:/Users/andersonzeng/Desktop/Classes/ECE419/ECE419Project/apache-zookeeper-3.6.3-bin/bin/../conf:
2022-03-28 12:33:49,740 [myid:] - INFO  [main:Environment@98] - Server environment:java.library.path=/Users/andersonzeng/Library/Java/Extensions:/Library/Java/Extensions:/Network/Library/Java/Extensions:/System/Library/Java/Extensions:/usr/lib/java:.
2022-03-28 12:33:49,740 [myid:] - INFO  [main:Environment@98] - Server environment:java.io.tmpdir=/var/folders/sm/1w9kc9d51pqc5dxxgnb2_njw0000gn/T/
2022-03-28 12:33:49,740 [myid:] - INFO  [main:Environment@98] - Server environment:java.compiler=<NA>
2022-03-28 12:33:49,740 [myid:] - INFO  [main:Environment@98] - Server environment:os.name=Mac OS X
2022-03-28 12:33:49,740 [myid:] - INFO  [main:Environment@98] - Server environment:os.arch=x86_64
2022-03-28 12:33:49,740 [myid:] - INFO  [main:Environment@98] - Server environment:os.version=10.14.6
2022-03-28 12:33:49,741 [myid:] - INFO  [main:Environment@98] - Server environment:user.name=andersonzeng
2022-03-28 12:33:49,741 [myid:] - INFO  [main:Environment@98] - Server environment:user.home=/Users/andersonzeng
2022-03-28 12:33:49,741 [myid:] - INFO  [main:Environment@98] - Server environment:user.dir=/Users/andersonzeng/Desktop/Classes/ECE419/ECE419Project
2022-03-28 12:33:49,741 [myid:] - INFO  [main:Environment@98] - Server environment:os.memory.free=241MB
2022-03-28 12:33:49,741 [myid:] - INFO  [main:Environment@98] - Server environment:os.memory.max=1000MB
2022-03-28 12:33:49,741 [myid:] - INFO  [main:Environment@98] - Server environment:os.memory.total=256MB
2022-03-28 12:33:49,741 [myid:] - INFO  [main:ZooKeeperServer@129] - zookeeper.enableEagerACLCheck = false
2022-03-28 12:33:49,741 [myid:] - INFO  [main:ZooKeeperServer@137] - zookeeper.digest.enabled = true
2022-03-28 12:33:49,741 [myid:] - INFO  [main:ZooKeeperServer@141] - zookeeper.closeSessionTxn.enabled = true
2022-03-28 12:33:49,742 [myid:] - INFO  [main:ZooKeeperServer@1461] - zookeeper.flushDelay=0
2022-03-28 12:33:49,742 [myid:] - INFO  [main:ZooKeeperServer@1470] - zookeeper.maxWriteQueuePollTime=0
2022-03-28 12:33:49,742 [myid:] - INFO  [main:ZooKeeperServer@1479] - zookeeper.maxBatchSize=1000
2022-03-28 12:33:49,742 [myid:] - INFO  [main:ZooKeeperServer@243] - zookeeper.intBufferStartingSizeBytes = 1024
2022-03-28 12:33:49,745 [myid:] - INFO  [main:BlueThrottle@141] - Weighed connection throttling is disabled
2022-03-28 12:33:49,751 [myid:] - INFO  [main:ZooKeeperServer@1273] - minSessionTimeout set to 4000
2022-03-28 12:33:49,752 [myid:] - INFO  [main:ZooKeeperServer@1282] - maxSessionTimeout set to 40000
2022-03-28 12:33:49,756 [myid:] - INFO  [main:ResponseCache@45] - Response cache size is initialized with value 400.
2022-03-28 12:33:49,757 [myid:] - INFO  [main:ResponseCache@45] - Response cache size is initialized with value 400.
2022-03-28 12:33:49,760 [myid:] - INFO  [main:RequestPathMetricsCollector@109] - zookeeper.pathStats.slotCapacity = 60
2022-03-28 12:33:49,760 [myid:] - INFO  [main:RequestPathMetricsCollector@110] - zookeeper.pathStats.slotDuration = 15
2022-03-28 12:33:49,760 [myid:] - INFO  [main:RequestPathMetricsCollector@111] - zookeeper.pathStats.maxDepth = 6
2022-03-28 12:33:49,761 [myid:] - INFO  [main:RequestPathMetricsCollector@112] - zookeeper.pathStats.initialDelay = 5
2022-03-28 12:33:49,761 [myid:] - INFO  [main:RequestPathMetricsCollector@113] - zookeeper.pathStats.delay = 5
2022-03-28 12:33:49,761 [myid:] - INFO  [main:RequestPathMetricsCollector@114] - zookeeper.pathStats.enabled = false
2022-03-28 12:33:49,766 [myid:] - INFO  [main:ZooKeeperServer@1498] - The max bytes for all large requests are set to 104857600
2022-03-28 12:33:49,766 [myid:] - INFO  [main:ZooKeeperServer@1512] - The large request threshold is set to -1
2022-03-28 12:33:49,767 [myid:] - INFO  [main:ZooKeeperServer@339] - Created server with tickTime 2000 minSessionTimeout 4000 maxSessionTimeout 40000 clientPortListenBacklog -1 datadir /tmp/zookeeper/version-2 snapdir /tmp/zookeeper/version-2
2022-03-28 12:33:49,831 [myid:] - INFO  [main:Log@169] - Logging initialized @917ms to org.eclipse.jetty.util.log.Slf4jLog
2022-03-28 12:33:50,053 [myid:] - WARN  [main:ContextHandler@1660] - o.e.j.s.ServletContextHandler@5fb759d6{/,null,STOPPED} contextPath ends with /*
2022-03-28 12:33:50,053 [myid:] - WARN  [main:ContextHandler@1671] - Empty contextPath
2022-03-28 12:33:50,169 [myid:] - INFO  [main:Server@375] - jetty-9.4.39.v20210325; built: 2021-03-25T14:42:11.471Z; git: 9fc7ca5a922f2a37b84ec9dbc26a5168cee7e667; jvm 11.0.14+9-LTS
2022-03-28 12:33:50,314 [myid:] - INFO  [main:DefaultSessionIdManager@334] - DefaultSessionIdManager workerName=node0
2022-03-28 12:33:50,314 [myid:] - INFO  [main:DefaultSessionIdManager@339] - No SessionScavenger set, using defaults
2022-03-28 12:33:50,319 [myid:] - INFO  [main:HouseKeeper@132] - node0 Scavenging every 600000ms
2022-03-28 12:33:50,330 [myid:] - WARN  [main:ConstraintSecurityHandler@759] - ServletContext@o.e.j.s.ServletContextHandler@5fb759d6{/,null,STARTING} has uncovered http methods for path: /*
2022-03-28 12:33:50,349 [myid:] - INFO  [main:ContextHandler@916] - Started o.e.j.s.ServletContextHandler@5fb759d6{/,null,AVAILABLE}
2022-03-28 12:33:50,555 [myid:] - INFO  [main:AbstractConnector@331] - Started ServerConnector@15043a2f{HTTP/1.1, (http/1.1)}{0.0.0.0:8080}
2022-03-28 12:33:50,556 [myid:] - INFO  [main:Server@415] - Started @1643ms
2022-03-28 12:33:50,557 [myid:] - INFO  [main:JettyAdminServer@191] - Started AdminServer on address 0.0.0.0, port 8080 and command URL /commands
2022-03-28 12:33:50,571 [myid:] - INFO  [main:ServerCnxnFactory@169] - Using org.apache.zookeeper.server.NIOServerCnxnFactory as server connection factory
2022-03-28 12:33:50,575 [myid:] - WARN  [main:ServerCnxnFactory@309] - maxCnxns is not configured, using default value 0.
2022-03-28 12:33:50,582 [myid:] - INFO  [main:NIOServerCnxnFactory@666] - Configuring NIO connection handler with 10s sessionless connection timeout, 2 selector thread(s), 16 worker threads, and 64 kB direct buffers.
2022-03-28 12:33:50,585 [myid:] - INFO  [main:NIOServerCnxnFactory@674] - binding to port 0.0.0.0/0.0.0.0:2181
2022-03-28 12:33:50,664 [myid:] - INFO  [main:WatchManagerFactory@42] - Using org.apache.zookeeper.server.watch.WatchManager as watch manager
2022-03-28 12:33:50,664 [myid:] - INFO  [main:WatchManagerFactory@42] - Using org.apache.zookeeper.server.watch.WatchManager as watch manager
2022-03-28 12:33:50,667 [myid:] - INFO  [main:ZKDatabase@132] - zookeeper.snapshotSizeFactor = 0.33
2022-03-28 12:33:50,670 [myid:] - INFO  [main:ZKDatabase@152] - zookeeper.commitLogCount=500
2022-03-28 12:33:50,684 [myid:] - INFO  [main:SnapStream@61] - zookeeper.snapshot.compression.method = CHECKED
2022-03-28 12:33:50,684 [myid:] - INFO  [main:FileTxnSnapLog@470] - Snapshotting: 0x0 to /tmp/zookeeper/version-2/snapshot.0
2022-03-28 12:33:50,692 [myid:] - INFO  [main:ZKDatabase@289] - Snapshot loaded in 21 ms, highest zxid is 0x0, digest is 1371985504
2022-03-28 12:33:50,692 [myid:] - INFO  [main:FileTxnSnapLog@470] - Snapshotting: 0x0 to /tmp/zookeeper/version-2/snapshot.0
2022-03-28 12:33:50,693 [myid:] - INFO  [main:ZooKeeperServer@529] - Snapshot taken in 1 ms
2022-03-28 12:33:50,713 [myid:] - INFO  [ProcessThread(sid:0 cport:2181)::PrepRequestProcessor@136] - PrepRequestProcessor (sid:0) started, reconfigEnabled=false
2022-03-28 12:33:50,715 [myid:] - INFO  [main:RequestThrottler@74] - zookeeper.request_throttler.shutdownTimeout = 10000
2022-03-28 12:33:50,745 [myid:] - INFO  [main:ContainerManager@83] - Using checkIntervalMs=60000 maxPerMinute=10000 maxNeverUsedIntervalMs=0
2022-03-28 12:33:50,748 [myid:] - INFO  [main:ZKAuditProvider@42] - ZooKeeper audit is disabled.
2022-03-28 12:33:51,243 [myid:] - INFO  [SyncThread:0:FileTxnLog@284] - Creating new log file: log.1
2022-03-28 12:48:44,873 [myid:] - WARN  [NIOWorkerThread-9:NIOServerCnxn@364] - Unexpected exception
EndOfStreamException: Unable to read additional data from client, it probably closed the socket: address = /127.0.0.1:49812, session = 0x1000002692a0002
	at org.apache.zookeeper.server.NIOServerCnxn.handleFailedRead(NIOServerCnxn.java:163)
	at org.apache.zookeeper.server.NIOServerCnxn.doIO(NIOServerCnxn.java:326)
	at org.apache.zookeeper.server.NIOServerCnxnFactory$IOWorkRequest.doWork(NIOServerCnxnFactory.java:522)
	at org.apache.zookeeper.server.WorkerService$ScheduledWorkRequest.run(WorkerService.java:154)
	at java.base/java.util.concurrent.ThreadPoolExecutor.runWorker(ThreadPoolExecutor.java:1128)
	at java.base/java.util.concurrent.ThreadPoolExecutor$Worker.run(ThreadPoolExecutor.java:628)
	at java.base/java.lang.Thread.run(Thread.java:829)
2022-03-28 12:48:44,873 [myid:] - WARN  [NIOWorkerThread-10:NIOServerCnxn@364] - Unexpected exception
EndOfStreamException: Unable to read additional data from client, it probably closed the socket: address = /0:0:0:0:0:0:0:1:49811, session = 0x1000002692a0001
	at org.apache.zookeeper.server.NIOServerCnxn.handleFailedRead(NIOServerCnxn.java:163)
	at org.apache.zookeeper.server.NIOServerCnxn.doIO(NIOServerCnxn.java:326)
	at org.apache.zookeeper.server.NIOServerCnxnFactory$IOWorkRequest.doWork(NIOServerCnxnFactory.java:522)
	at org.apache.zookeeper.server.WorkerService$ScheduledWorkRequest.run(WorkerService.java:154)
	at java.base/java.util.concurrent.ThreadPoolExecutor.runWorker(ThreadPoolExecutor.java:1128)
	at java.base/java.util.concurrent.ThreadPoolExecutor$Worker.run(ThreadPoolExecutor.java:628)
	at java.base/java.lang.Thread.run(Thread.java:829)
2022-03-28 12:48:50,707 [myid:] - INFO  [SessionTracker:ZooKeeperServer@610] - Expiring session 0x1000002692a0001, timeout of 5000ms exceeded
2022-03-28 12:48:50,707 [myid:] - INFO  [SessionTracker:ZooKeeperServer@610] - Expiring session 0x1000002692a0002, timeout of 5000ms exceeded
2022-03-28 12:50:11,430 [myid:] - WARN  [NIOWorkerThread-16:NIOServerCnxn@364] - Unexpected exception
EndOfStreamException: Unable to read additional data from client, it probably closed the socket: address = /127.0.0.1:49826, session = 0x1000002692a0004
	at org.apache.zookeeper.server.NIOServerCnxn.handleFailedRead(NIOServerCnxn.java:163)
	at org.apache.zookeeper.server.NIOServerCnxn.doIO(NIOServerCnxn.java:326)
	at org.apache.zookeeper.server.NIOServerCnxnFactory$IOWorkRequest.doWork(NIOServerCnxnFactory.java:522)
	at org.apache.zookeeper.server.WorkerService$ScheduledWorkRequest.run(WorkerService.java:154)
	at java.base/java.util.concurrent.ThreadPoolExecutor.runWorker(ThreadPoolExecutor.java:1128)
	at java.base/java.util.concurrent.ThreadPoolExecutor$Worker.run(ThreadPoolExecutor.java:628)
	at java.base/java.lang.Thread.run(Thread.java:829)
2022-03-28 12:50:11,430 [myid:] - WARN  [NIOWorkerThread-1:NIOServerCnxn@364] - Unexpected exception
EndOfStreamException: Unable to read additional data from client, it probably closed the socket: address = /127.0.0.1:49825, session = 0x1000002692a0003
	at org.apache.zookeeper.server.NIOServerCnxn.handleFailedRead(NIOServerCnxn.java:163)
	at org.apache.zookeeper.server.NIOServerCnxn.doIO(NIOServerCnxn.java:326)
	at org.apache.zookeeper.server.NIOServerCnxnFactory$IOWorkRequest.doWork(NIOServerCnxnFactory.java:522)
	at org.apache.zookeeper.server.WorkerService$ScheduledWorkRequest.run(WorkerService.java:154)
	at java.base/java.util.concurrent.ThreadPoolExecutor.runWorker(ThreadPoolExecutor.java:1128)
	at java.base/java.util.concurrent.ThreadPoolExecutor$Worker.run(ThreadPoolExecutor.java:628)
	at java.base/java.lang.Thread.run(Thread.java:829)
2022-03-28 12:50:16,708 [myid:] - INFO  [SessionTracker:ZooKeeperServer@610] - Expiring session 0x1000002692a0004, timeout of 5000ms exceeded
2022-03-28 12:50:16,708 [myid:] - INFO  [SessionTracker:ZooKeeperServer@610] - Expiring session 0x1000002692a0003, timeout of 5000ms exceeded
2022-03-28 12:50:17,778 [myid:] - WARN  [NIOWorkerThread-2:NIOServerCnxn@364] - Unexpected exception
EndOfStreamException: Unable to read additional data from client, it probably closed the socket: address = /127.0.0.1:49835, session = 0x1000002692a0006
	at org.apache.zookeeper.server.NIOServerCnxn.handleFailedRead(NIOServerCnxn.java:163)
	at org.apache.zookeeper.server.NIOServerCnxn.doIO(NIOServerCnxn.java:326)
	at org.apache.zookeeper.server.NIOServerCnxnFactory$IOWorkRequest.doWork(NIOServerCnxnFactory.java:522)
	at org.apache.zookeeper.server.WorkerService$ScheduledWorkRequest.run(WorkerService.java:154)
	at java.base/java.util.concurrent.ThreadPoolExecutor.runWorker(ThreadPoolExecutor.java:1128)
	at java.base/java.util.concurrent.ThreadPoolExecutor$Worker.run(ThreadPoolExecutor.java:628)
	at java.base/java.lang.Thread.run(Thread.java:829)
2022-03-28 12:50:17,778 [myid:] - WARN  [NIOWorkerThread-3:NIOServerCnxn@364] - Unexpected exception
EndOfStreamException: Unable to read additional data from client, it probably closed the socket: address = /0:0:0:0:0:0:0:1:49834, session = 0x1000002692a0005
	at org.apache.zookeeper.server.NIOServerCnxn.handleFailedRead(NIOServerCnxn.java:163)
	at org.apache.zookeeper.server.NIOServerCnxn.doIO(NIOServerCnxn.java:326)
	at org.apache.zookeeper.server.NIOServerCnxnFactory$IOWorkRequest.doWork(NIOServerCnxnFactory.java:522)
	at org.apache.zookeeper.server.WorkerService$ScheduledWorkRequest.run(WorkerService.java:154)
	at java.base/java.util.concurrent.ThreadPoolExecutor.runWorker(ThreadPoolExecutor.java:1128)
	at java.base/java.util.concurrent.ThreadPoolExecutor$Worker.run(ThreadPoolExecutor.java:628)
	at java.base/java.lang.Thread.run(Thread.java:829)
2022-03-28 12:50:22,706 [myid:] - INFO  [SessionTracker:ZooKeeperServer@610] - Expiring session 0x1000002692a0005, timeout of 5000ms exceeded
2022-03-28 12:50:22,707 [myid:] - INFO  [SessionTracker:ZooKeeperServer@610] - Expiring session 0x1000002692a0006, timeout of 5000ms exceeded
2022-03-28 12:50:37,467 [myid:] - WARN  [NIOWorkerThread-10:NIOServerCnxn@364] - Unexpected exception
EndOfStreamException: Unable to read additional data from client, it probably closed the socket: address = /0:0:0:0:0:0:0:1:49843, session = 0x1000002692a0007
	at org.apache.zookeeper.server.NIOServerCnxn.handleFailedRead(NIOServerCnxn.java:163)
	at org.apache.zookeeper.server.NIOServerCnxn.doIO(NIOServerCnxn.java:326)
	at org.apache.zookeeper.server.NIOServerCnxnFactory$IOWorkRequest.doWork(NIOServerCnxnFactory.java:522)
	at org.apache.zookeeper.server.WorkerService$ScheduledWorkRequest.run(WorkerService.java:154)
	at java.base/java.util.concurrent.ThreadPoolExecutor.runWorker(ThreadPoolExecutor.java:1128)
	at java.base/java.util.concurrent.ThreadPoolExecutor$Worker.run(ThreadPoolExecutor.java:628)
	at java.base/java.lang.Thread.run(Thread.java:829)
2022-03-28 12:50:37,467 [myid:] - WARN  [NIOWorkerThread-8:NIOServerCnxn@364] - Unexpected exception
EndOfStreamException: Unable to read additional data from client, it probably closed the socket: address = /127.0.0.1:49844, session = 0x1000002692a0008
	at org.apache.zookeeper.server.NIOServerCnxn.handleFailedRead(NIOServerCnxn.java:163)
	at org.apache.zookeeper.server.NIOServerCnxn.doIO(NIOServerCnxn.java:326)
	at org.apache.zookeeper.server.NIOServerCnxnFactory$IOWorkRequest.doWork(NIOServerCnxnFactory.java:522)
	at org.apache.zookeeper.server.WorkerService$ScheduledWorkRequest.run(WorkerService.java:154)
	at java.base/java.util.concurrent.ThreadPoolExecutor.runWorker(ThreadPoolExecutor.java:1128)
	at java.base/java.util.concurrent.ThreadPoolExecutor$Worker.run(ThreadPoolExecutor.java:628)
	at java.base/java.lang.Thread.run(Thread.java:829)
2022-03-28 12:50:42,707 [myid:] - INFO  [SessionTracker:ZooKeeperServer@610] - Expiring session 0x1000002692a0007, timeout of 5000ms exceeded
2022-03-28 12:50:42,708 [myid:] - INFO  [SessionTracker:ZooKeeperServer@610] - Expiring session 0x1000002692a0008, timeout of 5000ms exceeded
2022-03-28 12:51:15,961 [myid:] - WARN  [NIOWorkerThread-10:NIOServerCnxn@364] - Unexpected exception
EndOfStreamException: Unable to read additional data from client, it probably closed the socket: address = /0:0:0:0:0:0:0:1:49708, session = 0x1000002692a0000
	at org.apache.zookeeper.server.NIOServerCnxn.handleFailedRead(NIOServerCnxn.java:163)
	at org.apache.zookeeper.server.NIOServerCnxn.doIO(NIOServerCnxn.java:326)
	at org.apache.zookeeper.server.NIOServerCnxnFactory$IOWorkRequest.doWork(NIOServerCnxnFactory.java:522)
	at org.apache.zookeeper.server.WorkerService$ScheduledWorkRequest.run(WorkerService.java:154)
	at java.base/java.util.concurrent.ThreadPoolExecutor.runWorker(ThreadPoolExecutor.java:1128)
	at java.base/java.util.concurrent.ThreadPoolExecutor$Worker.run(ThreadPoolExecutor.java:628)
	at java.base/java.lang.Thread.run(Thread.java:829)
2022-03-28 12:51:20,707 [myid:] - INFO  [SessionTracker:ZooKeeperServer@610] - Expiring session 0x1000002692a0000, timeout of 5000ms exceeded
2022-03-28 12:56:41,079 [myid:] - WARN  [NIOWorkerThread-7:NIOServerCnxn@364] - Unexpected exception
EndOfStreamException: Unable to read additional data from client, it probably closed the socket: address = /0:0:0:0:0:0:0:1:49847, session = 0x1000002692a0009
	at org.apache.zookeeper.server.NIOServerCnxn.handleFailedRead(NIOServerCnxn.java:163)
	at org.apache.zookeeper.server.NIOServerCnxn.doIO(NIOServerCnxn.java:326)
	at org.apache.zookeeper.server.NIOServerCnxnFactory$IOWorkRequest.doWork(NIOServerCnxnFactory.java:522)
	at org.apache.zookeeper.server.WorkerService$ScheduledWorkRequest.run(WorkerService.java:154)
	at java.base/java.util.concurrent.ThreadPoolExecutor.runWorker(ThreadPoolExecutor.java:1128)
	at java.base/java.util.concurrent.ThreadPoolExecutor$Worker.run(ThreadPoolExecutor.java:628)
	at java.base/java.lang.Thread.run(Thread.java:829)
2022-03-28 12:56:44,711 [myid:] - INFO  [SessionTracker:ZooKeeperServer@610] - Expiring session 0x1000002692a0009, timeout of 5000ms exceeded
2022-03-28 13:01:20,815 [myid:] - WARN  [NIOWorkerThread-12:NIOServerCnxn@364] - Unexpected exception
EndOfStreamException: Unable to read additional data from client, it probably closed the socket: address = /0:0:0:0:0:0:0:1:49888, session = 0x1000002692a000a
	at org.apache.zookeeper.server.NIOServerCnxn.handleFailedRead(NIOServerCnxn.java:163)
	at org.apache.zookeeper.server.NIOServerCnxn.doIO(NIOServerCnxn.java:326)
	at org.apache.zookeeper.server.NIOServerCnxnFactory$IOWorkRequest.doWork(NIOServerCnxnFactory.java:522)
	at org.apache.zookeeper.server.WorkerService$ScheduledWorkRequest.run(WorkerService.java:154)
	at java.base/java.util.concurrent.ThreadPoolExecutor.runWorker(ThreadPoolExecutor.java:1128)
	at java.base/java.util.concurrent.ThreadPoolExecutor$Worker.run(ThreadPoolExecutor.java:628)
	at java.base/java.lang.Thread.run(Thread.java:829)
2022-03-28 13:01:24,714 [myid:] - INFO  [SessionTracker:ZooKeeperServer@610] - Expiring session 0x1000002692a000a, timeout of 5000ms exceeded
2022-03-28 13:04:54,638 [myid:] - WARN  [NIOWorkerThread-15:NIOServerCnxn@364] - Unexpected exception
EndOfStreamException: Unable to read additional data from client, it probably closed the socket: address = /0:0:0:0:0:0:0:1:49899, session = 0x1000002692a000b
	at org.apache.zookeeper.server.NIOServerCnxn.handleFailedRead(NIOServerCnxn.java:163)
	at org.apache.zookeeper.server.NIOServerCnxn.doIO(NIOServerCnxn.java:326)
	at org.apache.zookeeper.server.NIOServerCnxnFactory$IOWorkRequest.doWork(NIOServerCnxnFactory.java:522)
	at org.apache.zookeeper.server.WorkerService$ScheduledWorkRequest.run(WorkerService.java:154)
	at java.base/java.util.concurrent.ThreadPoolExecutor.runWorker(ThreadPoolExecutor.java:1128)
	at java.base/java.util.concurrent.ThreadPoolExecutor$Worker.run(ThreadPoolExecutor.java:628)
	at java.base/java.lang.Thread.run(Thread.java:829)
2022-03-28 13:05:00,716 [myid:] - INFO  [SessionTracker:ZooKeeperServer@610] - Expiring session 0x1000002692a000b, timeout of 5000ms exceeded
2022-03-28 13:08:12,386 [myid:] - WARN  [NIOWorkerThread-10:NIOServerCnxn@364] - Unexpected exception
EndOfStreamException: Unable to read additional data from client, it probably closed the socket: address = /127.0.0.1:49922, session = 0x1000002692a000c
	at org.apache.zookeeper.server.NIOServerCnxn.handleFailedRead(NIOServerCnxn.java:163)
	at org.apache.zookeeper.server.NIOServerCnxn.doIO(NIOServerCnxn.java:326)
	at org.apache.zookeeper.server.NIOServerCnxnFactory$IOWorkRequest.doWork(NIOServerCnxnFactory.java:522)
	at org.apache.zookeeper.server.WorkerService$ScheduledWorkRequest.run(WorkerService.java:154)
	at java.base/java.util.concurrent.ThreadPoolExecutor.runWorker(ThreadPoolExecutor.java:1128)
	at java.base/java.util.concurrent.ThreadPoolExecutor$Worker.run(ThreadPoolExecutor.java:628)
	at java.base/java.lang.Thread.run(Thread.java:829)
2022-03-28 13:08:18,712 [myid:] - INFO  [SessionTracker:ZooKeeperServer@610] - Expiring session 0x1000002692a000c, timeout of 5000ms exceeded
2022-03-28 13:12:48,467 [myid:] - WARN  [NIOWorkerThread-13:NIOServerCnxn@364] - Unexpected exception
EndOfStreamException: Unable to read additional data from client, it probably closed the socket: address = /127.0.0.1:49946, session = 0x1000002692a000d
	at org.apache.zookeeper.server.NIOServerCnxn.handleFailedRead(NIOServerCnxn.java:163)
	at org.apache.zookeeper.server.NIOServerCnxn.doIO(NIOServerCnxn.java:326)
	at org.apache.zookeeper.server.NIOServerCnxnFactory$IOWorkRequest.doWork(NIOServerCnxnFactory.java:522)
	at org.apache.zookeeper.server.WorkerService$ScheduledWorkRequest.run(WorkerService.java:154)
	at java.base/java.util.concurrent.ThreadPoolExecutor.runWorker(ThreadPoolExecutor.java:1128)
	at java.base/java.util.concurrent.ThreadPoolExecutor$Worker.run(ThreadPoolExecutor.java:628)
	at java.base/java.lang.Thread.run(Thread.java:829)
2022-03-28 13:12:52,713 [myid:] - INFO  [SessionTracker:ZooKeeperServer@610] - Expiring session 0x1000002692a000d, timeout of 5000ms exceeded
2022-03-28 13:15:53,529 [myid:] - WARN  [NIOWorkerThread-2:NIOServerCnxn@364] - Unexpected exception
EndOfStreamException: Unable to read additional data from client, it probably closed the socket: address = /127.0.0.1:49970, session = 0x1000002692a000e
	at org.apache.zookeeper.server.NIOServerCnxn.handleFailedRead(NIOServerCnxn.java:163)
	at org.apache.zookeeper.server.NIOServerCnxn.doIO(NIOServerCnxn.java:326)
	at org.apache.zookeeper.server.NIOServerCnxnFactory$IOWorkRequest.doWork(NIOServerCnxnFactory.java:522)
	at org.apache.zookeeper.server.WorkerService$ScheduledWorkRequest.run(WorkerService.java:154)
	at java.base/java.util.concurrent.ThreadPoolExecutor.runWorker(ThreadPoolExecutor.java:1128)
	at java.base/java.util.concurrent.ThreadPoolExecutor$Worker.run(ThreadPoolExecutor.java:628)
	at java.base/java.lang.Thread.run(Thread.java:829)
2022-03-28 13:15:58,713 [myid:] - INFO  [SessionTracker:ZooKeeperServer@610] - Expiring session 0x1000002692a000e, timeout of 5000ms exceeded
2022-03-28 13:18:12,519 [myid:] - WARN  [NIOWorkerThread-11:NIOServerCnxn@364] - Unexpected exception
EndOfStreamException: Unable to read additional data from client, it probably closed the socket: address = /127.0.0.1:49979, session = 0x1000002692a000f
	at org.apache.zookeeper.server.NIOServerCnxn.handleFailedRead(NIOServerCnxn.java:163)
	at org.apache.zookeeper.server.NIOServerCnxn.doIO(NIOServerCnxn.java:326)
	at org.apache.zookeeper.server.NIOServerCnxnFactory$IOWorkRequest.doWork(NIOServerCnxnFactory.java:522)
	at org.apache.zookeeper.server.WorkerService$ScheduledWorkRequest.run(WorkerService.java:154)
	at java.base/java.util.concurrent.ThreadPoolExecutor.runWorker(ThreadPoolExecutor.java:1128)
	at java.base/java.util.concurrent.ThreadPoolExecutor$Worker.run(ThreadPoolExecutor.java:628)
	at java.base/java.lang.Thread.run(Thread.java:829)
2022-03-28 13:18:18,716 [myid:] - INFO  [SessionTracker:ZooKeeperServer@610] - Expiring session 0x1000002692a000f, timeout of 5000ms exceeded
2022-03-28 13:24:46,367 [myid:] - WARN  [NIOWorkerThread-6:NIOServerCnxn@364] - Unexpected exception
EndOfStreamException: Unable to read additional data from client, it probably closed the socket: address = /127.0.0.1:50004, session = 0x1000002692a0010
	at org.apache.zookeeper.server.NIOServerCnxn.handleFailedRead(NIOServerCnxn.java:163)
	at org.apache.zookeeper.server.NIOServerCnxn.doIO(NIOServerCnxn.java:326)
	at org.apache.zookeeper.server.NIOServerCnxnFactory$IOWorkRequest.doWork(NIOServerCnxnFactory.java:522)
	at org.apache.zookeeper.server.WorkerService$ScheduledWorkRequest.run(WorkerService.java:154)
	at java.base/java.util.concurrent.ThreadPoolExecutor.runWorker(ThreadPoolExecutor.java:1128)
	at java.base/java.util.concurrent.ThreadPoolExecutor$Worker.run(ThreadPoolExecutor.java:628)
	at java.base/java.lang.Thread.run(Thread.java:829)
2022-03-28 13:24:50,718 [myid:] - INFO  [SessionTracker:ZooKeeperServer@610] - Expiring session 0x1000002692a0010, timeout of 5000ms exceeded
2022-03-28 13:27:11,186 [myid:] - WARN  [NIOWorkerThread-3:NIOServerCnxn@364] - Unexpected exception
EndOfStreamException: Unable to read additional data from client, it probably closed the socket: address = /127.0.0.1:50014, session = 0x1000002692a0011
	at org.apache.zookeeper.server.NIOServerCnxn.handleFailedRead(NIOServerCnxn.java:163)
	at org.apache.zookeeper.server.NIOServerCnxn.doIO(NIOServerCnxn.java:326)
	at org.apache.zookeeper.server.NIOServerCnxnFactory$IOWorkRequest.doWork(NIOServerCnxnFactory.java:522)
	at org.apache.zookeeper.server.WorkerService$ScheduledWorkRequest.run(WorkerService.java:154)
	at java.base/java.util.concurrent.ThreadPoolExecutor.runWorker(ThreadPoolExecutor.java:1128)
	at java.base/java.util.concurrent.ThreadPoolExecutor$Worker.run(ThreadPoolExecutor.java:628)
	at java.base/java.lang.Thread.run(Thread.java:829)
2022-03-28 13:27:14,717 [myid:] - INFO  [SessionTracker:ZooKeeperServer@610] - Expiring session 0x1000002692a0011, timeout of 5000ms exceeded
2022-03-28 13:33:39,255 [myid:] - WARN  [NIOWorkerThread-6:NIOServerCnxn@364] - Unexpected exception
EndOfStreamException: Unable to read additional data from client, it probably closed the socket: address = /127.0.0.1:50025, session = 0x1000002692a0012
	at org.apache.zookeeper.server.NIOServerCnxn.handleFailedRead(NIOServerCnxn.java:163)
	at org.apache.zookeeper.server.NIOServerCnxn.doIO(NIOServerCnxn.java:326)
	at org.apache.zookeeper.server.NIOServerCnxnFactory$IOWorkRequest.doWork(NIOServerCnxnFactory.java:522)
	at org.apache.zookeeper.server.WorkerService$ScheduledWorkRequest.run(WorkerService.java:154)
	at java.base/java.util.concurrent.ThreadPoolExecutor.runWorker(ThreadPoolExecutor.java:1128)
	at java.base/java.util.concurrent.ThreadPoolExecutor$Worker.run(ThreadPoolExecutor.java:628)
	at java.base/java.lang.Thread.run(Thread.java:829)
2022-03-28 13:33:44,720 [myid:] - INFO  [SessionTracker:ZooKeeperServer@610] - Expiring session 0x1000002692a0012, timeout of 5000ms exceeded
2022-03-28 13:34:56,655 [myid:] - WARN  [NIOWorkerThread-5:NIOServerCnxn@364] - Unexpected exception
EndOfStreamException: Unable to read additional data from client, it probably closed the socket: address = /0:0:0:0:0:0:0:1:50053, session = 0x1000002692a0013
	at org.apache.zookeeper.server.NIOServerCnxn.handleFailedRead(NIOServerCnxn.java:163)
	at org.apache.zookeeper.server.NIOServerCnxn.doIO(NIOServerCnxn.java:326)
	at org.apache.zookeeper.server.NIOServerCnxnFactory$IOWorkRequest.doWork(NIOServerCnxnFactory.java:522)
	at org.apache.zookeeper.server.WorkerService$ScheduledWorkRequest.run(WorkerService.java:154)
	at java.base/java.util.concurrent.ThreadPoolExecutor.runWorker(ThreadPoolExecutor.java:1128)
	at java.base/java.util.concurrent.ThreadPoolExecutor$Worker.run(ThreadPoolExecutor.java:628)
	at java.base/java.lang.Thread.run(Thread.java:829)
2022-03-28 13:35:00,721 [myid:] - INFO  [SessionTracker:ZooKeeperServer@610] - Expiring session 0x1000002692a0013, timeout of 5000ms exceeded
2022-03-28 13:37:30,998 [myid:] - WARN  [NIOWorkerThread-9:NIOServerCnxn@364] - Unexpected exception
EndOfStreamException: Unable to read additional data from client, it probably closed the socket: address = /127.0.0.1:50060, session = 0x1000002692a0014
	at org.apache.zookeeper.server.NIOServerCnxn.handleFailedRead(NIOServerCnxn.java:163)
	at org.apache.zookeeper.server.NIOServerCnxn.doIO(NIOServerCnxn.java:326)
	at org.apache.zookeeper.server.NIOServerCnxnFactory$IOWorkRequest.doWork(NIOServerCnxnFactory.java:522)
	at org.apache.zookeeper.server.WorkerService$ScheduledWorkRequest.run(WorkerService.java:154)
	at java.base/java.util.concurrent.ThreadPoolExecutor.runWorker(ThreadPoolExecutor.java:1128)
	at java.base/java.util.concurrent.ThreadPoolExecutor$Worker.run(ThreadPoolExecutor.java:628)
	at java.base/java.lang.Thread.run(Thread.java:829)
2022-03-28 13:37:34,725 [myid:] - INFO  [SessionTracker:ZooKeeperServer@610] - Expiring session 0x1000002692a0014, timeout of 5000ms exceeded
2022-03-28 13:42:50,694 [myid:] - WARN  [NIOWorkerThread-13:NIOServerCnxn@364] - Unexpected exception
EndOfStreamException: Unable to read additional data from client, it probably closed the socket: address = /0:0:0:0:0:0:0:1:50075, session = 0x1000002692a0015
	at org.apache.zookeeper.server.NIOServerCnxn.handleFailedRead(NIOServerCnxn.java:163)
	at org.apache.zookeeper.server.NIOServerCnxn.doIO(NIOServerCnxn.java:326)
	at org.apache.zookeeper.server.NIOServerCnxnFactory$IOWorkRequest.doWork(NIOServerCnxnFactory.java:522)
	at org.apache.zookeeper.server.WorkerService$ScheduledWorkRequest.run(WorkerService.java:154)
	at java.base/java.util.concurrent.ThreadPoolExecutor.runWorker(ThreadPoolExecutor.java:1128)
	at java.base/java.util.concurrent.ThreadPoolExecutor$Worker.run(ThreadPoolExecutor.java:628)
	at java.base/java.lang.Thread.run(Thread.java:829)
2022-03-28 13:42:56,722 [myid:] - INFO  [SessionTracker:ZooKeeperServer@610] - Expiring session 0x1000002692a0015, timeout of 5000ms exceeded
2022-03-28 13:46:26,064 [myid:] - WARN  [NIOWorkerThread-12:NIOServerCnxn@364] - Unexpected exception
EndOfStreamException: Unable to read additional data from client, it probably closed the socket: address = /127.0.0.1:50096, session = 0x1000002692a0016
	at org.apache.zookeeper.server.NIOServerCnxn.handleFailedRead(NIOServerCnxn.java:163)
	at org.apache.zookeeper.server.NIOServerCnxn.doIO(NIOServerCnxn.java:326)
	at org.apache.zookeeper.server.NIOServerCnxnFactory$IOWorkRequest.doWork(NIOServerCnxnFactory.java:522)
	at org.apache.zookeeper.server.WorkerService$ScheduledWorkRequest.run(WorkerService.java:154)
	at java.base/java.util.concurrent.ThreadPoolExecutor.runWorker(ThreadPoolExecutor.java:1128)
	at java.base/java.util.concurrent.ThreadPoolExecutor$Worker.run(ThreadPoolExecutor.java:628)
	at java.base/java.lang.Thread.run(Thread.java:829)
2022-03-28 13:46:30,725 [myid:] - INFO  [SessionTracker:ZooKeeperServer@610] - Expiring session 0x1000002692a0016, timeout of 5000ms exceeded
2022-03-28 13:47:17,079 [myid:] - WARN  [NIOWorkerThread-13:NIOServerCnxn@364] - Unexpected exception
EndOfStreamException: Unable to read additional data from client, it probably closed the socket: address = /0:0:0:0:0:0:0:1:50108, session = 0x1000002692a0017
	at org.apache.zookeeper.server.NIOServerCnxn.handleFailedRead(NIOServerCnxn.java:163)
	at org.apache.zookeeper.server.NIOServerCnxn.doIO(NIOServerCnxn.java:326)
	at org.apache.zookeeper.server.NIOServerCnxnFactory$IOWorkRequest.doWork(NIOServerCnxnFactory.java:522)
	at org.apache.zookeeper.server.WorkerService$ScheduledWorkRequest.run(WorkerService.java:154)
	at java.base/java.util.concurrent.ThreadPoolExecutor.runWorker(ThreadPoolExecutor.java:1128)
	at java.base/java.util.concurrent.ThreadPoolExecutor$Worker.run(ThreadPoolExecutor.java:628)
	at java.base/java.lang.Thread.run(Thread.java:829)
2022-03-28 13:47:22,724 [myid:] - INFO  [SessionTracker:ZooKeeperServer@610] - Expiring session 0x1000002692a0017, timeout of 5000ms exceeded
2022-03-28 13:47:26,918 [myid:] - WARN  [NIOWorkerThread-12:NIOServerCnxn@364] - Unexpected exception
EndOfStreamException: Unable to read additional data from client, it probably closed the socket: address = /0:0:0:0:0:0:0:1:50117, session = 0x1000002692a0018
	at org.apache.zookeeper.server.NIOServerCnxn.handleFailedRead(NIOServerCnxn.java:163)
	at org.apache.zookeeper.server.NIOServerCnxn.doIO(NIOServerCnxn.java:326)
	at org.apache.zookeeper.server.NIOServerCnxnFactory$IOWorkRequest.doWork(NIOServerCnxnFactory.java:522)
	at org.apache.zookeeper.server.WorkerService$ScheduledWorkRequest.run(WorkerService.java:154)
	at java.base/java.util.concurrent.ThreadPoolExecutor.runWorker(ThreadPoolExecutor.java:1128)
	at java.base/java.util.concurrent.ThreadPoolExecutor$Worker.run(ThreadPoolExecutor.java:628)
	at java.base/java.lang.Thread.run(Thread.java:829)
2022-03-28 13:47:26,918 [myid:] - WARN  [NIOWorkerThread-11:NIOServerCnxn@364] - Unexpected exception
EndOfStreamException: Unable to read additional data from client, it probably closed the socket: address = /127.0.0.1:50118, session = 0x1000002692a0019
	at org.apache.zookeeper.server.NIOServerCnxn.handleFailedRead(NIOServerCnxn.java:163)
	at org.apache.zookeeper.server.NIOServerCnxn.doIO(NIOServerCnxn.java:326)
	at org.apache.zookeeper.server.NIOServerCnxnFactory$IOWorkRequest.doWork(NIOServerCnxnFactory.java:522)
	at org.apache.zookeeper.server.WorkerService$ScheduledWorkRequest.run(WorkerService.java:154)
	at java.base/java.util.concurrent.ThreadPoolExecutor.runWorker(ThreadPoolExecutor.java:1128)
	at java.base/java.util.concurrent.ThreadPoolExecutor$Worker.run(ThreadPoolExecutor.java:628)
	at java.base/java.lang.Thread.run(Thread.java:829)
2022-03-28 13:47:30,726 [myid:] - INFO  [SessionTracker:ZooKeeperServer@610] - Expiring session 0x1000002692a0018, timeout of 5000ms exceeded
2022-03-28 13:47:32,726 [myid:] - INFO  [SessionTracker:ZooKeeperServer@610] - Expiring session 0x1000002692a0019, timeout of 5000ms exceeded
2022-03-28 13:48:35,502 [myid:] - WARN  [NIOWorkerThread-12:NIOServerCnxn@364] - Unexpected exception
EndOfStreamException: Unable to read additional data from client, it probably closed the socket: address = /127.0.0.1:50120, session = 0x1000002692a001a
	at org.apache.zookeeper.server.NIOServerCnxn.handleFailedRead(NIOServerCnxn.java:163)
	at org.apache.zookeeper.server.NIOServerCnxn.doIO(NIOServerCnxn.java:326)
	at org.apache.zookeeper.server.NIOServerCnxnFactory$IOWorkRequest.doWork(NIOServerCnxnFactory.java:522)
	at org.apache.zookeeper.server.WorkerService$ScheduledWorkRequest.run(WorkerService.java:154)
	at java.base/java.util.concurrent.ThreadPoolExecutor.runWorker(ThreadPoolExecutor.java:1128)
	at java.base/java.util.concurrent.ThreadPoolExecutor$Worker.run(ThreadPoolExecutor.java:628)
	at java.base/java.lang.Thread.run(Thread.java:829)
2022-03-28 13:48:40,725 [myid:] - INFO  [SessionTracker:ZooKeeperServer@610] - Expiring session 0x1000002692a001a, timeout of 5000ms exceeded
2022-03-28 13:50:12,496 [myid:] - WARN  [NIOWorkerThread-2:NIOServerCnxn@364] - Unexpected exception
EndOfStreamException: Unable to read additional data from client, it probably closed the socket: address = /0:0:0:0:0:0:0:1:50132, session = 0x1000002692a001b
	at org.apache.zookeeper.server.NIOServerCnxn.handleFailedRead(NIOServerCnxn.java:163)
	at org.apache.zookeeper.server.NIOServerCnxn.doIO(NIOServerCnxn.java:326)
	at org.apache.zookeeper.server.NIOServerCnxnFactory$IOWorkRequest.doWork(NIOServerCnxnFactory.java:522)
	at org.apache.zookeeper.server.WorkerService$ScheduledWorkRequest.run(WorkerService.java:154)
	at java.base/java.util.concurrent.ThreadPoolExecutor.runWorker(ThreadPoolExecutor.java:1128)
	at java.base/java.util.concurrent.ThreadPoolExecutor$Worker.run(ThreadPoolExecutor.java:628)
	at java.base/java.lang.Thread.run(Thread.java:829)
2022-03-28 13:50:16,724 [myid:] - INFO  [SessionTracker:ZooKeeperServer@610] - Expiring session 0x1000002692a001b, timeout of 5000ms exceeded
2022-03-28 13:50:42,805 [myid:] - WARN  [NIOWorkerThread-3:NIOServerCnxn@364] - Unexpected exception
EndOfStreamException: Unable to read additional data from client, it probably closed the socket: address = /0:0:0:0:0:0:0:1:50142, session = 0x1000002692a001d
	at org.apache.zookeeper.server.NIOServerCnxn.handleFailedRead(NIOServerCnxn.java:163)
	at org.apache.zookeeper.server.NIOServerCnxn.doIO(NIOServerCnxn.java:326)
	at org.apache.zookeeper.server.NIOServerCnxnFactory$IOWorkRequest.doWork(NIOServerCnxnFactory.java:522)
	at org.apache.zookeeper.server.WorkerService$ScheduledWorkRequest.run(WorkerService.java:154)
	at java.base/java.util.concurrent.ThreadPoolExecutor.runWorker(ThreadPoolExecutor.java:1128)
	at java.base/java.util.concurrent.ThreadPoolExecutor$Worker.run(ThreadPoolExecutor.java:628)
	at java.base/java.lang.Thread.run(Thread.java:829)
2022-03-28 13:50:42,805 [myid:] - WARN  [NIOWorkerThread-4:NIOServerCnxn@364] - Unexpected exception
EndOfStreamException: Unable to read additional data from client, it probably closed the socket: address = /0:0:0:0:0:0:0:1:50141, session = 0x1000002692a001c
	at org.apache.zookeeper.server.NIOServerCnxn.handleFailedRead(NIOServerCnxn.java:163)
	at org.apache.zookeeper.server.NIOServerCnxn.doIO(NIOServerCnxn.java:326)
	at org.apache.zookeeper.server.NIOServerCnxnFactory$IOWorkRequest.doWork(NIOServerCnxnFactory.java:522)
	at org.apache.zookeeper.server.WorkerService$ScheduledWorkRequest.run(WorkerService.java:154)
	at java.base/java.util.concurrent.ThreadPoolExecutor.runWorker(ThreadPoolExecutor.java:1128)
	at java.base/java.util.concurrent.ThreadPoolExecutor$Worker.run(ThreadPoolExecutor.java:628)
	at java.base/java.lang.Thread.run(Thread.java:829)
2022-03-28 13:50:48,723 [myid:] - INFO  [SessionTracker:ZooKeeperServer@610] - Expiring session 0x1000002692a001d, timeout of 5000ms exceeded
2022-03-28 13:50:48,723 [myid:] - INFO  [SessionTracker:ZooKeeperServer@610] - Expiring session 0x1000002692a001c, timeout of 5000ms exceeded
2022-03-28 13:50:53,021 [myid:] - WARN  [NIOWorkerThread-5:NIOServerCnxn@364] - Unexpected exception
EndOfStreamException: Unable to read additional data from client, it probably closed the socket: address = /127.0.0.1:50146, session = 0x1000002692a001e
	at org.apache.zookeeper.server.NIOServerCnxn.handleFailedRead(NIOServerCnxn.java:163)
	at org.apache.zookeeper.server.NIOServerCnxn.doIO(NIOServerCnxn.java:326)
	at org.apache.zookeeper.server.NIOServerCnxnFactory$IOWorkRequest.doWork(NIOServerCnxnFactory.java:522)
	at org.apache.zookeeper.server.WorkerService$ScheduledWorkRequest.run(WorkerService.java:154)
	at java.base/java.util.concurrent.ThreadPoolExecutor.runWorker(ThreadPoolExecutor.java:1128)
	at java.base/java.util.concurrent.ThreadPoolExecutor$Worker.run(ThreadPoolExecutor.java:628)
	at java.base/java.lang.Thread.run(Thread.java:829)
2022-03-28 13:50:53,022 [myid:] - WARN  [NIOWorkerThread-6:NIOServerCnxn@364] - Unexpected exception
EndOfStreamException: Unable to read additional data from client, it probably closed the socket: address = /0:0:0:0:0:0:0:1:50147, session = 0x1000002692a001f
	at org.apache.zookeeper.server.NIOServerCnxn.handleFailedRead(NIOServerCnxn.java:163)
	at org.apache.zookeeper.server.NIOServerCnxn.doIO(NIOServerCnxn.java:326)
	at org.apache.zookeeper.server.NIOServerCnxnFactory$IOWorkRequest.doWork(NIOServerCnxnFactory.java:522)
	at org.apache.zookeeper.server.WorkerService$ScheduledWorkRequest.run(WorkerService.java:154)
	at java.base/java.util.concurrent.ThreadPoolExecutor.runWorker(ThreadPoolExecutor.java:1128)
	at java.base/java.util.concurrent.ThreadPoolExecutor$Worker.run(ThreadPoolExecutor.java:628)
	at java.base/java.lang.Thread.run(Thread.java:829)
2022-03-28 13:50:58,724 [myid:] - INFO  [SessionTracker:ZooKeeperServer@610] - Expiring session 0x1000002692a001e, timeout of 5000ms exceeded
2022-03-28 13:50:58,724 [myid:] - INFO  [SessionTracker:ZooKeeperServer@610] - Expiring session 0x1000002692a001f, timeout of 5000ms exceeded
2022-03-28 13:51:21,768 [myid:] - WARN  [NIOWorkerThread-10:NIOServerCnxn@364] - Unexpected exception
EndOfStreamException: Unable to read additional data from client, it probably closed the socket: address = /127.0.0.1:50151, session = 0x1000002692a0020
	at org.apache.zookeeper.server.NIOServerCnxn.handleFailedRead(NIOServerCnxn.java:163)
	at org.apache.zookeeper.server.NIOServerCnxn.doIO(NIOServerCnxn.java:326)
	at org.apache.zookeeper.server.NIOServerCnxnFactory$IOWorkRequest.doWork(NIOServerCnxnFactory.java:522)
	at org.apache.zookeeper.server.WorkerService$ScheduledWorkRequest.run(WorkerService.java:154)
	at java.base/java.util.concurrent.ThreadPoolExecutor.runWorker(ThreadPoolExecutor.java:1128)
	at java.base/java.util.concurrent.ThreadPoolExecutor$Worker.run(ThreadPoolExecutor.java:628)
	at java.base/java.lang.Thread.run(Thread.java:829)
2022-03-28 13:51:21,768 [myid:] - WARN  [NIOWorkerThread-7:NIOServerCnxn@364] - Unexpected exception
EndOfStreamException: Unable to read additional data from client, it probably closed the socket: address = /127.0.0.1:50152, session = 0x1000002692a0021
	at org.apache.zookeeper.server.NIOServerCnxn.handleFailedRead(NIOServerCnxn.java:163)
	at org.apache.zookeeper.server.NIOServerCnxn.doIO(NIOServerCnxn.java:326)
	at org.apache.zookeeper.server.NIOServerCnxnFactory$IOWorkRequest.doWork(NIOServerCnxnFactory.java:522)
	at org.apache.zookeeper.server.WorkerService$ScheduledWorkRequest.run(WorkerService.java:154)
	at java.base/java.util.concurrent.ThreadPoolExecutor.runWorker(ThreadPoolExecutor.java:1128)
	at java.base/java.util.concurrent.ThreadPoolExecutor$Worker.run(ThreadPoolExecutor.java:628)
	at java.base/java.lang.Thread.run(Thread.java:829)
2022-03-28 13:51:26,727 [myid:] - INFO  [SessionTracker:ZooKeeperServer@610] - Expiring session 0x1000002692a0020, timeout of 5000ms exceeded
2022-03-28 13:51:26,728 [myid:] - INFO  [SessionTracker:ZooKeeperServer@610] - Expiring session 0x1000002692a0021, timeout of 5000ms exceeded
2022-03-28 13:51:44,139 [myid:] - WARN  [NIOWorkerThread-8:NIOServerCnxn@364] - Unexpected exception
EndOfStreamException: Unable to read additional data from client, it probably closed the socket: address = /0:0:0:0:0:0:0:1:50160, session = 0x1000002692a0023
	at org.apache.zookeeper.server.NIOServerCnxn.handleFailedRead(NIOServerCnxn.java:163)
	at org.apache.zookeeper.server.NIOServerCnxn.doIO(NIOServerCnxn.java:326)
	at org.apache.zookeeper.server.NIOServerCnxnFactory$IOWorkRequest.doWork(NIOServerCnxnFactory.java:522)
	at org.apache.zookeeper.server.WorkerService$ScheduledWorkRequest.run(WorkerService.java:154)
	at java.base/java.util.concurrent.ThreadPoolExecutor.runWorker(ThreadPoolExecutor.java:1128)
	at java.base/java.util.concurrent.ThreadPoolExecutor$Worker.run(ThreadPoolExecutor.java:628)
	at java.base/java.lang.Thread.run(Thread.java:829)
2022-03-28 13:51:44,139 [myid:] - WARN  [NIOWorkerThread-9:NIOServerCnxn@364] - Unexpected exception
EndOfStreamException: Unable to read additional data from client, it probably closed the socket: address = /127.0.0.1:50159, session = 0x1000002692a0022
	at org.apache.zookeeper.server.NIOServerCnxn.handleFailedRead(NIOServerCnxn.java:163)
	at org.apache.zookeeper.server.NIOServerCnxn.doIO(NIOServerCnxn.java:326)
	at org.apache.zookeeper.server.NIOServerCnxnFactory$IOWorkRequest.doWork(NIOServerCnxnFactory.java:522)
	at org.apache.zookeeper.server.WorkerService$ScheduledWorkRequest.run(WorkerService.java:154)
	at java.base/java.util.concurrent.ThreadPoolExecutor.runWorker(ThreadPoolExecutor.java:1128)
	at java.base/java.util.concurrent.ThreadPoolExecutor$Worker.run(ThreadPoolExecutor.java:628)
	at java.base/java.lang.Thread.run(Thread.java:829)
2022-03-28 13:51:48,729 [myid:] - INFO  [SessionTracker:ZooKeeperServer@610] - Expiring session 0x1000002692a0022, timeout of 5000ms exceeded
2022-03-28 13:51:50,723 [myid:] - INFO  [SessionTracker:ZooKeeperServer@610] - Expiring session 0x1000002692a0023, timeout of 5000ms exceeded
2022-03-28 13:51:57,482 [myid:] - WARN  [NIOWorkerThread-12:NIOServerCnxn@364] - Unexpected exception
EndOfStreamException: Unable to read additional data from client, it probably closed the socket: address = /127.0.0.1:50166, session = 0x1000002692a0025
	at org.apache.zookeeper.server.NIOServerCnxn.handleFailedRead(NIOServerCnxn.java:163)
	at org.apache.zookeeper.server.NIOServerCnxn.doIO(NIOServerCnxn.java:326)
	at org.apache.zookeeper.server.NIOServerCnxnFactory$IOWorkRequest.doWork(NIOServerCnxnFactory.java:522)
	at org.apache.zookeeper.server.WorkerService$ScheduledWorkRequest.run(WorkerService.java:154)
	at java.base/java.util.concurrent.ThreadPoolExecutor.runWorker(ThreadPoolExecutor.java:1128)
	at java.base/java.util.concurrent.ThreadPoolExecutor$Worker.run(ThreadPoolExecutor.java:628)
	at java.base/java.lang.Thread.run(Thread.java:829)
2022-03-28 13:51:57,482 [myid:] - WARN  [NIOWorkerThread-11:NIOServerCnxn@364] - Unexpected exception
EndOfStreamException: Unable to read additional data from client, it probably closed the socket: address = /127.0.0.1:50165, session = 0x1000002692a0024
	at org.apache.zookeeper.server.NIOServerCnxn.handleFailedRead(NIOServerCnxn.java:163)
	at org.apache.zookeeper.server.NIOServerCnxn.doIO(NIOServerCnxn.java:326)
	at org.apache.zookeeper.server.NIOServerCnxnFactory$IOWorkRequest.doWork(NIOServerCnxnFactory.java:522)
	at org.apache.zookeeper.server.WorkerService$ScheduledWorkRequest.run(WorkerService.java:154)
	at java.base/java.util.concurrent.ThreadPoolExecutor.runWorker(ThreadPoolExecutor.java:1128)
	at java.base/java.util.concurrent.ThreadPoolExecutor$Worker.run(ThreadPoolExecutor.java:628)
	at java.base/java.lang.Thread.run(Thread.java:829)
2022-03-28 13:52:02,723 [myid:] - INFO  [SessionTracker:ZooKeeperServer@610] - Expiring session 0x1000002692a0024, timeout of 5000ms exceeded
2022-03-28 13:52:02,723 [myid:] - INFO  [SessionTracker:ZooKeeperServer@610] - Expiring session 0x1000002692a0025, timeout of 5000ms exceeded
2022-03-28 13:53:40,406 [myid:] - WARN  [NIOWorkerThread-5:NIOServerCnxn@364] - Unexpected exception
EndOfStreamException: Unable to read additional data from client, it probably closed the socket: address = /0:0:0:0:0:0:0:1:50177, session = 0x1000002692a0027
	at org.apache.zookeeper.server.NIOServerCnxn.handleFailedRead(NIOServerCnxn.java:163)
	at org.apache.zookeeper.server.NIOServerCnxn.doIO(NIOServerCnxn.java:326)
	at org.apache.zookeeper.server.NIOServerCnxnFactory$IOWorkRequest.doWork(NIOServerCnxnFactory.java:522)
	at org.apache.zookeeper.server.WorkerService$ScheduledWorkRequest.run(WorkerService.java:154)
	at java.base/java.util.concurrent.ThreadPoolExecutor.runWorker(ThreadPoolExecutor.java:1128)
	at java.base/java.util.concurrent.ThreadPoolExecutor$Worker.run(ThreadPoolExecutor.java:628)
	at java.base/java.lang.Thread.run(Thread.java:829)
2022-03-28 13:53:40,406 [myid:] - WARN  [NIOWorkerThread-6:NIOServerCnxn@364] - Unexpected exception
EndOfStreamException: Unable to read additional data from client, it probably closed the socket: address = /0:0:0:0:0:0:0:1:50176, session = 0x1000002692a0026
	at org.apache.zookeeper.server.NIOServerCnxn.handleFailedRead(NIOServerCnxn.java:163)
	at org.apache.zookeeper.server.NIOServerCnxn.doIO(NIOServerCnxn.java:326)
	at org.apache.zookeeper.server.NIOServerCnxnFactory$IOWorkRequest.doWork(NIOServerCnxnFactory.java:522)
	at org.apache.zookeeper.server.WorkerService$ScheduledWorkRequest.run(WorkerService.java:154)
	at java.base/java.util.concurrent.ThreadPoolExecutor.runWorker(ThreadPoolExecutor.java:1128)
	at java.base/java.util.concurrent.ThreadPoolExecutor$Worker.run(ThreadPoolExecutor.java:628)
	at java.base/java.lang.Thread.run(Thread.java:829)
2022-03-28 13:53:46,728 [myid:] - INFO  [SessionTracker:ZooKeeperServer@610] - Expiring session 0x1000002692a0026, timeout of 5000ms exceeded
2022-03-28 13:53:46,728 [myid:] - INFO  [SessionTracker:ZooKeeperServer@610] - Expiring session 0x1000002692a0027, timeout of 5000ms exceeded
